Build started 12/3/2015 8:05:20 PM.
     1>Project "C:\Users\Alicia\Dropbox\Oregon State\Intro to CS1\week10\Project3\Project3\Project3.vcxproj" on node 2 (Build target(s)).
     1>ClCompile:
         C:\Program Files (x86)\Microsoft Visual Studio 14.0\VC\bin\CL.exe /c /ZI /nologo /W3 /WX- /sdl /Od /Oy- /D _MBCS /Gm /EHsc /RTC1 /MDd /GS /fp:precise /Zc:wchar_t /Zc:forScope /Zc:inline /Fo"Debug\\" /Fd"Debug\vc140.pdb" /Gd /TP /analyze- /errorReport:prompt ..\..\FinalProject\FinalProject\Library.cpp
         Library.cpp
     1>c:\users\alicia\dropbox\oregon state\intro to cs1\week10\finalproject\finalproject\library.cpp(151): warning C4018: '<': signed/unsigned mismatch
     1>c:\users\alicia\dropbox\oregon state\intro to cs1\week10\finalproject\finalproject\library.cpp(154): warning C4018: '<': signed/unsigned mismatch
     1>c:\users\alicia\dropbox\oregon state\intro to cs1\week10\finalproject\finalproject\library.cpp(163): warning C4018: '<': signed/unsigned mismatch
     1>c:\users\alicia\dropbox\oregon state\intro to cs1\week10\finalproject\finalproject\library.cpp(172): warning C4018: '<': signed/unsigned mismatch
     1>c:\users\alicia\dropbox\oregon state\intro to cs1\week10\finalproject\finalproject\library.cpp(135): warning C4715: 'Library::requestBook': not all control paths return a value
     1>c:\users\alicia\dropbox\oregon state\intro to cs1\week10\finalproject\finalproject\library.cpp(68): warning C4715: 'Library::checkOutBook': not all control paths return a value
       Link:
         C:\Program Files (x86)\Microsoft Visual Studio 14.0\VC\bin\link.exe /ERRORREPORT:PROMPT /OUT:"C:\Users\Alicia\Dropbox\Oregon State\Intro to CS1\week10\Project3\Debug\Project3.exe" /INCREMENTAL /NOLOGO kernel32.lib user32.lib gdi32.lib winspool.lib comdlg32.lib advapi32.lib shell32.lib ole32.lib oleaut32.lib uuid.lib odbc32.lib odbccp32.lib /MANIFEST /MANIFESTUAC:"level='asInvoker' uiAccess='false'" /manifest:embed /Debug /PDB:"C:\Users\Alicia\Dropbox\Oregon State\Intro to CS1\week10\Project3\Debug\Project3.pdb" /TLBID:1 /DYNAMICBASE /NXCOMPAT /IMPLIB:"C:\Users\Alicia\Dropbox\Oregon State\Intro to CS1\week10\Project3\Debug\Project3.lib" /MACHINE:X86 Debug\Book.obj
         Debug\Library.obj
         Debug\LibraryMain.obj
         Debug\Patron.obj
         Project3.vcxproj -> C:\Users\Alicia\Dropbox\Oregon State\Intro to CS1\week10\Project3\Debug\Project3.exe
     1>Done Building Project "C:\Users\Alicia\Dropbox\Oregon State\Intro to CS1\week10\Project3\Project3\Project3.vcxproj" (Build target(s)).

Build succeeded.

Time Elapsed 00:00:01.29
